/opt/conda/envs/tensorflow/lib/python3.7/site-packages/pandas_datareader/compat/__init__.py:7: FutureWarning: pandas.util.testing is deprecated. Use the functions in the public API at pandas.testing instead.
  from pandas.util.testing import assert_frame_equal
/opt/conda/envs/tensorflow/lib/python3.7/site-packages/sklearn/externals/joblib/__init__.py:15: FutureWarning: sklearn.externals.joblib is deprecated in 0.21 and will be removed in 0.23. Please import this functionality directly from joblib, which can be installed with: pip install joblib. If this warning is raised when loading pickled models, you may need to re-serialize those models with scikit-learn 0.21+.
  warnings.warn(msg, category=FutureWarning)
第1次回测，股票代码300276，回测年化收益率-0.017544387692937483。
第2次回测，股票代码300100，回测年化收益率-0.0181302424393301。
第3次回测，股票代码300008，回测年化收益率-0.01754232560542104。
第4次回测，股票代码300722，回测年化收益率-0.012198436575723073。
第5次回测，股票代码300317，回测年化收益率-0.022880629167909134。
第6次回测，股票代码300265，回测年化收益率0.008680433517079183。
第7次回测，股票代码300589，回测年化收益率-0.0020617783987015087。
第8次回测，股票代码300447，回测年化收益率-0.012837449549676848。
第9次回测，股票代码300095，回测年化收益率0.012314255111831925。
第10次回测，股票代码300697，回测年化收益率-0.006924827666725239。
第11次回测，股票代码300160，回测年化收益率0.007199457959844227。
第12次回测，股票代码300719，回测年化收益率-0.009475583408047012。
第13次回测，股票代码300187，回测年化收益率-0.01748789988492748。
第14次回测，股票代码603025，回测年化收益率-0.015051257211267675。
第15次回测，股票代码601633，回测年化收益率-0.009313098151743509。
第16次回测，股票代码300279，回测年化收益率-0.01689599630926265。
第17次回测，股票代码600764，回测年化收益率-0.0007353224126888814。
第18次回测，股票代码603757，回测年化收益率-0.020723707700014304。
第19次回测，股票代码300004，回测年化收益率-0.014276007722031794。
第20次回测，股票代码300397，回测年化收益率0.010444698643231292。
第21次回测，股票代码300256，回测年化收益率0.005247405753203886。
第22次回测，股票代码300139，回测年化收益率-0.0010609299631894123。
第23次回测，股票代码600563，回测年化收益率0.007262829381871694。
第24次回测，股票代码300037，回测年化收益率0.05617390857256247。
第25次回测，股票代码603659，回测年化收益率0.02372658086333173。
第26次回测，股票代码300375，回测年化收益率-0.020969401572799445。
第27次回测，股票代码603178，回测年化收益率-0.013898035956929029。
第28次回测，股票代码300445，回测年化收益率0.00053971265704283。
第29次回测，股票代码300239，回测年化收益率-0.0032347407054387745。
第30次回测，股票代码300304，回测年化收益率-0.015280877810103939。
第31次回测，股票代码601717，回测年化收益率-0.001421379538740101。
第32次回测，股票代码300155，回测年化收益率0.005062545693429103。
第33次回测，股票代码603098，回测年化收益率-0.01200595794172201。
第34次回测，股票代码300217，回测年化收益率-0.0058326263916358145。
第35次回测，股票代码600885，回测年化收益率0.008959132465518325。
第36次回测，股票代码300480，回测年化收益率0.0003023088058812589。
第37次回测，股票代码300696，回测年化收益率-0.003207289545994644。
第38次回测，股票代码300415，回测年化收益率-0.01727341080398495。
第39次回测，股票代码600405，回测年化收益率-0.008271324987874001。
第40次回测，股票代码600751，回测年化收益率-0.015107270464345731。
第41次回测，股票代码300432，回测年化收益率-0.017354394526372056。
第42次回测，股票代码603966，回测年化收益率-0.0036033085935204133。
第43次回测，股票代码300647，回测年化收益率-0.008258109060076941。
第44次回测，股票代码600988，回测年化收益率0.031585004446303605。
第45次回测，股票代码300185，回测年化收益率-0.002667807101351353。
第46次回测，股票代码300034，回测年化收益率0.018636400337214958。
第47次回测，股票代码603569，回测年化收益率-0.014922960826119097。
第48次回测，股票代码603500，回测年化收益率-0.00415656298307103。
第49次回测，股票代码601012，回测年化收益率0.021124774495079143。
第50次回测，股票代码300359，回测年化收益率-0.011828219568485381。
第51次回测，股票代码601858，回测年化收益率-0.0021701205279485835。
第52次回测，股票代码300707，回测年化收益率-0.006389139363773116。
第53次回测，股票代码300107，回测年化收益率0.004147769664925285。
第54次回测，股票代码600011，回测年化收益率-0.008225397769728308。
第55次回测，股票代码300617，回测年化收益率0.0028445241663587893。
第56次回测，股票代码300503，回测年化收益率0.006971841547861352。
第57次回测，股票代码300103，回测年化收益率-0.006562762100026587。
第58次回测，股票代码300296，回测年化收益率-0.015268600149585261。
第59次回测，股票代码600156，回测年化收益率-0.005723095277092769。
第60次回测，股票代码600345，回测年化收益率-0.005804416839924585。
第61次回测，股票代码300395，回测年化收益率0.03577796184258923。
第62次回测，股票代码300461，回测年化收益率-0.011193888038387223。
第63次回测，股票代码603580，回测年化收益率-0.013540371724518819。
第64次回测，股票代码300402，回测年化收益率-0.009773830753789656。
第65次回测，股票代码603833，回测年化收益率0.016848011424288663。
第66次回测，股票代码300726，回测年化收益率0.0003995407890061388。
第67次回测，股票代码300420，回测年化收益率0.006969468599462209。
第68次回测，股票代码300091，回测年化收益率-0.01780785972890273。
第69次回测，股票代码300376，回测年化收益率-0.00847333770652629。
第70次回测，股票代码300149，回测年化收益率0.0072211318031903315。
第71次回测，股票代码300144，回测年化收益率0.0012695638438946458。
第72次回测，股票代码600732，回测年化收益率0.018645714460727502。
第73次回测，股票代码300044，回测年化收益率-0.004547981863639517。
第74次回测，股票代码603298，回测年化收益率-0.007646643697640029。
第75次回测，股票代码300258，回测年化收益率-0.006086478697907507。
第76次回测，股票代码300310，回测年化收益率-0.015037592702091535。
第77次回测，股票代码300222，回测年化收益率-0.01788807002717654。
第78次回测，股票代码603380，回测年化收益率-0.0023042371927157836。
第79次回测，股票代码300610，回测年化收益率-0.007134241810485358。
第80次回测，股票代码300210，回测年化收益率-0.013245387378444025。
第81次回测，股票代码300172，回测年化收益率-0.011992433085855349。
第82次回测，股票代码300444，回测年化收益率-0.010224787578517797。
第83次回测，股票代码300484，回测年化收益率-0.01581659321451333。
第84次回测，股票代码300099，回测年化收益率-0.00011254668333347291。
第85次回测，股票代码300433，回测年化收益率0.018864979265215156。
第86次回测，股票代码603758，回测年化收益率-0.014752795973318866。
第87次回测，股票代码603089，回测年化收益率-0.015434291909541225。
第88次回测，股票代码600339，回测年化收益率-0.020035352362452997。
第89次回测，股票代码600984，回测年化收益率0.12000790226533493。
第90次回测，股票代码300568，回测年化收益率-0.007115784831083402。
第91次回测，股票代码300368，回测年化收益率0.006381803356025085。
第92次回测，股票代码603035，回测年化收益率-0.003992615450482621。
第93次回测，股票代码300115，回测年化收益率0.007650727289984848。
第94次回测，股票代码300231，回测年化收益率-0.002079670925286296。
第95次回测，股票代码603345，回测年化收益率0.11046585078000334。
第96次回测，股票代码300355，回测年化收益率-0.026826312485623935。
第97次回测，股票代码300110，回测年化收益率-0.02254085108366958。
第98次回测，股票代码300593，回测年化收益率-0.004856400681263572。
第99次回测，股票代码300035，回测年化收益率0.010009692548966009。
第100次回测，股票代码603486，回测年化收益率0.005860129684596281。
第101次回测，股票代码600178，回测年化收益率-0.010070159492951846。
第102次回测，股票代码300621，回测年化收益率-0.005051848001167774。
第103次回测，股票代码300230，回测年化收益率-0.012072751879756486。
第104次回测，股票代码300436，回测年化收益率0.004876376020949591。
第105次回测，股票代码603507，回测年化收益率-0.009824303272845246。
第106次回测，股票代码300421，回测年化收益率-0.019523302912878904。
第107次回测，股票代码300631，回测年化收益率-0.0029163504293047574。
第108次回测，股票代码300097，回测年化收益率-0.012577896663718792。
第109次回测，股票代码300023，回测年化收益率0.00040883110206271664。
第110次回测，股票代码600438，回测年化收益率0.02064280076173577。
第111次回测，股票代码300020，回测年化收益率-0.0012895988334297988。
第112次回测，股票代码600066，回测年化收益率-0.011769482123290645。
第113次回测，股票代码300377，回测年化收益率-0.006290915166843779。
第114次回测，股票代码300547，回测年化收益率-0.018149388720692366。
第115次回测，股票代码300285，回测年化收益率0.024069889487998458。
第116次回测，股票代码300283，回测年化收益率-0.007364873716224856。
第117次回测，股票代码300699，回测年化收益率0.00013678699259733745。
第118次回测，股票代码300024，回测年化收益率-0.006050306938068851。
第119次回测，股票代码300211，回测年化收益率-0.000259465517344997。
第120次回测，股票代码300111，回测年化收益率-0.008473284387824936。
第121次回测，股票代码600660，回测年化收益率-0.006404382470533389。
第122次回测，股票代码300424，回测年化收益率-0.0071858585238100325。
第123次回测，股票代码600535，回测年化收益率-0.0071926422832059925。
第124次回测，股票代码600233，回测年化收益率-0.0016133075454316545。
第125次回测，股票代码603110，回测年化收益率-0.00374786191292012。
第126次回测，股票代码600335，回测年化收益率-0.01710007974166894。
第127次回测，股票代码300286，回测年化收益率-0.0010888736909808899。
第128次回测，股票代码300443，回测年化收益率0.008395440538925242。
第129次回测，股票代码603587，回测年化收益率-0.01356616131307353。
第130次回测，股票代码600060，回测年化收益率-0.0034689147876249492。
第131次回测，股票代码300414，回测年化收益率-0.0146935372830172。
第132次回测，股票代码603871，回测年化收益率-0.01943204692602436。
第133次回测，股票代码601888，回测年化收益率0.09731418579954496。
第134次回测，股票代码600803，回测年化收益率-0.006871691943105313。
第135次回测，股票代码300129，回测年化收益率-0.016265562157951385。
第136次回测，股票代码603129，回测年化收益率0.0542104062867229。
第137次回测，股票代码300057，回测年化收益率-0.015458875844509818。
第138次回测，股票代码300076，回测年化收益率-0.0050873714727103815。
第139次回测，股票代码300606，回测年化收益率-0.00887204474202974。
第140次回测，股票代码600489，回测年化收益率-0.0012768550748064856。
第141次回测，股票代码300332，回测年化收益率-0.009369656263550389。
第142次回测，股票代码300669，回测年化收益率0.011317236546223708。
第143次回测，股票代码603898，回测年化收益率-0.017252402406629657。
第144次回测，股票代码600662，回测年化收益率0.01892193981622796。
第145次回测，股票代码603355，回测年化收益率-0.006128356443941894。
第146次回测，股票代码300718，回测年化收益率-0.0038930036592921963。
第147次回测，股票代码300079，回测年化收益率0.00743007525757815。
第148次回测，股票代码603899，回测年化收益率0.04079588712929871。
第149次回测，股票代码600330，回测年化收益率0.004513021247169359。
第150次回测，股票代码300018，回测年化收益率-0.00040973997091609877。
第151次回测，股票代码603305，回测年化收益率0.0029851923284910727。
第152次回测，股票代码600362，回测年化收益率-0.007217562244673541。
第153次回测，股票代码300016，回测年化收益率0.010371805215013267。
第154次回测，股票代码600522，回测年化收益率-0.0032042811125425653。
第155次回测，股票代码300596，回测年化收益率0.028409058433676533。
第156次回测，股票代码300563，回测年化收益率0.004955974773314798。
第157次回测，股票代码300221，回测年化收益率-0.020713971154897756。
第158次回测，股票代码300750，回测年化收益率0.105654766392477。
第159次回测，股票代码300434，回测年化收益率-0.011044253163561139。
第160次回测，股票代码300050，回测年化收益率-0.010061017791554496。
第161次回测，股票代码300516，回测年化收益率-0.00420191972987061。
第162次回测，股票代码300713，回测年化收益率-0.012413775046930427。
第163次回测，股票代码300106，回测年化收益率-0.003029646161516433。
第164次回测，股票代码603266，回测年化收益率-0.008185920053515837。
第165次回测，股票代码600823，回测年化收益率0.0004215169675412139。
第166次回测，股票代码603033，回测年化收益率0.006986612768949985。
第167次回测，股票代码603348，回测年化收益率-0.001708780562484058。
第168次回测，股票代码300328，回测年化收益率0.009763002551329787。
第169次回测，股票代码300320，回测年化收益率-0.01686283349872185。
第170次回测，股票代码601689，回测年化收益率0.005133085772525708。
第171次回测，股票代码300742，回测年化收益率-0.007334084931184421。
第172次回测，股票代码600095，回测年化收益率0.02898980656662263。
第173次回测，股票代码601377，回测年化收益率0.0031005648241081243。
第174次回测，股票代码300731，回测年化收益率-0.0015492597112300851。
第175次回测，股票代码603808，回测年化收益率-0.010161812040453197。
第176次回测，股票代码300403，回测年化收益率-0.010742018850444873。
第177次回测，股票代码300335，回测年化收益率-0.025766670496400853。
第178次回测，股票代码600216，回测年化收益率0.01682317149227409。
第179次回测，股票代码300560，回测年化收益率-0.0016170721955478323。
第180次回测，股票代码300540，回测年化收益率-0.00406525674406408。
第181次回测，股票代码300427，回测年化收益率0.0107203510188002。
第182次回测，股票代码603963，回测年化收益率-0.016188927163549964。
第183次回测，股票代码300015，回测年化收益率0.03738346968865264。
第184次回测，股票代码300413，回测年化收益率0.026783164573217284。
第185次回测，股票代码300127，回测年化收益率0.0012201630544637814。
第186次回测，股票代码300126，回测年化收益率0.0008073498757969424。
第187次回测，股票代码300080，回测年化收益率-0.008107412791047467。
第188次回测，股票代码300399，回测年化收益率0.006133068621505315。
第189次回测，股票代码601566，回测年化收益率-0.008965810899898593。
第190次回测，股票代码300092，回测年化收益率-0.0007235030524331401。
第191次回测，股票代码300545，回测年化收益率0.003019497993329437。
第192次回测，股票代码603882，回测年化收益率0.04196838554809181。
第193次回测，股票代码603127，回测年化收益率0.04892195311869687。
第194次回测，股票代码601799，回测年化收益率0.03178203542492466。
第195次回测，股票代码300411，回测年化收益率-0.01368219671411294。
第196次回测，股票代码600148，回测年化收益率-0.011812207111626711。
第197次回测，股票代码300582，回测年化收益率-0.00610636170565347。
第198次回测，股票代码300488，回测年化收益率-0.011249840294400605。
第199次回测，股票代码300154，回测年化收益率-0.004403761149649463。
第200次回测，股票代码603013，回测年化收益率-0.000994295433077192。
第201次回测，股票代码300321，回测年化收益率-0.0011693769672688652。
第202次回测，股票代码300628，回测年化收益率0.00307330755467017。
第203次回测，股票代码300587，回测年化收益率-0.013485492562027024。
第204次回测，股票代码600316，回测年化收益率0.006158295631590008。
第205次回测，股票代码300576，回测年化收益率0.07729246139667727。
第206次回测，股票代码300688，回测年化收益率-0.010569176980188437。
第207次回测，股票代码300686，回测年化收益率0.024617608115798464。
第208次回测，股票代码603308，回测年化收益率0.01038032971866005。
第209次回测，股票代码300452，回测年化收益率0.008530655639230418。
第210次回测，股票代码603288，回测年化收益率0.031128998116362383。
第211次回测，股票代码300575，回测年化收益率0.0021747799062646327。
第212次回测，股票代码603131，回测年化收益率-0.0003488059499222803。
Traceback (most recent call last):
  File "facts.py", line 362, in <module>
    data = getReturn(factors)
  File "facts.py", line 65, in getReturn
    result = test.run()
  File "/home/code/MyQuant/48/backtest.py", line 52, in run
    self._Result()
  File "/home/code/MyQuant/48/backtest.py", line 189, in _Result
    self._winInfo(trade_info, self.__backtestResult)
  File "/home/code/MyQuant/48/backtest.py", line 148, in _winInfo
    win_num = trade_info["won"]["total"]
  File "/opt/conda/envs/tensorflow/lib/python3.7/site-packages/backtrader/utils/autodict.py", line 94, in __missing__
    raise KeyError
KeyError
